{
"./projectx/src/x.js":{"path":"./projectx/src/x.js","s":{"1":1,"2":2,"3":2,"4":1,"5":2,"6":1,"7":2,"8":0},"b":{},"f":{"1":2,"2":1,"3":1,"4":0},"fnMap":{"1":{"name":"App","line":1,"loc":{"start":{"line":1,"column":-15},"end":{"line":1,"column":15}}},"2":{"name":"(anonymous_2)","line":6,"loc":{"start":{"line":6,"column":17},"end":{"line":6,"column":28}}},"3":{"name":"(anonymous_3)","line":10,"loc":{"start":{"line":10,"column":19},"end":{"line":10,"column":30}}},"4":{"name":"(anonymous_4)","line":14,"loc":{"start":{"line":14,"column":23},"end":{"line":14,"column":34}}}},"statementMap":{"1":{"start":{"line":1,"column":-15},"end":{"line":17,"column":1}},"2":{"start":{"line":2,"column":4},"end":{"line":4,"column":6}},"3":{"start":{"line":6,"column":4},"end":{"line":8,"column":6}},"4":{"start":{"line":7,"column":8},"end":{"line":7,"column":35}},"5":{"start":{"line":10,"column":4},"end":{"line":12,"column":6}},"6":{"start":{"line":11,"column":8},"end":{"line":11,"column":37}},"7":{"start":{"line":14,"column":4},"end":{"line":16,"column":6}},"8":{"start":{"line":15,"column":8},"end":{"line":15,"column":43}}},"branchMap":{},"l":{"1":1,"2":2,"6":2,"7":1,"10":2,"11":1,"14":2,"15":0}}}
