<?xml version="1.0"?>
<testsuites>
  <testsuite name="PhantomJS 1.9.8 (Mac OS X)" package="" timestamp="2015-09-10T16:00:50" id="0" hostname="aurora.local" tests="2" errors="0" failures="0" time="0.007">
    <properties>
      <property name="browser.fullName" value="Mozilla/5.0 (Macintosh; Intel Mac OS X) AppleWebKit/534.34 (KHTML, like Gecko) PhantomJS/1.9.8 Safari/534.34"/>
    </properties>
    <testcase name="should make the model accessible to the view" time="0.006" classname="PhantomJS 1.9.8 (Mac OS X).Controller: other"/>
    <testcase name="should tell who is awesome" time="0.001" classname="PhantomJS 1.9.8 (Mac OS X).Factory: other"/>
    <system-out><![CDATA[PhantomJS 1.9.8 (Mac OS X) LOG: Object{totalSpecsDefined: 2}

]]></system-out>
    <system-err/>
  </testsuite>
</testsuites>
