<?xml version="1.0"?>
<testsuites>
  <testsuite name="PhantomJS 1.9.8 (Mac OS X)" package="" timestamp="2015-04-01T19:21:29" id="0" hostname="aurora-4.local" tests="2" errors="0" failures="1" time="0.001">
    <properties>
      <property name="browser.fullName" value="Mozilla/5.0 (Macintosh; Intel Mac OS X) AppleWebKit/534.34 (KHTML, like Gecko) PhantomJS/1.9.8 Safari/534.34"/>
    </properties>
    <testcase name="should say hello x app" time="0.001" classname="should say hello x app-PhantomJS 1.9.8 (Mac OS X).Project X"></testcase>
    <testcase name="should say goodbye x app" time="0" classname="should say goodbye x app-PhantomJS 1.9.8 (Mac OS X).Project X And">
      <failure type="">Expected &apos;goodbye x app&apos; to be &apos;hello x app&apos;.
    at /Users/mischa/workspace/karma-example/projectx/test/karma/xSpec.js:12
</failure>
    </testcase>
    <system-out><![CDATA[PhantomJS 1.9.8 (Mac OS X) LOG: Object{totalSpecsDefined: 2}

]]></system-out>
    <system-err/>
  </testsuite>
</testsuites>
