{
"./projecty/src/y.js":{"path":"./projecty/src/y.js","s":{"1":1,"2":1,"3":1,"4":1,"5":1,"6":0},"b":{},"f":{"1":1,"2":1,"3":0},"fnMap":{"1":{"name":"App","line":1,"loc":{"start":{"line":1,"column":-15},"end":{"line":1,"column":15}}},"2":{"name":"(anonymous_2)","line":6,"loc":{"start":{"line":6,"column":17},"end":{"line":6,"column":28}}},"3":{"name":"(anonymous_3)","line":10,"loc":{"start":{"line":10,"column":19},"end":{"line":10,"column":30}}}},"statementMap":{"1":{"start":{"line":1,"column":-15},"end":{"line":14,"column":1}},"2":{"start":{"line":2,"column":4},"end":{"line":4,"column":6}},"3":{"start":{"line":6,"column":4},"end":{"line":8,"column":5}},"4":{"start":{"line":7,"column":8},"end":{"line":7,"column":35}},"5":{"start":{"line":10,"column":4},"end":{"line":13,"column":5}},"6":{"start":{"line":11,"column":8},"end":{"line":11,"column":37}}},"branchMap":{},"l":{"1":1,"2":1,"6":1,"7":1,"10":1,"11":0}}}
