{".tmp/project-z/src/js/some/some.controller.js":{"path":".tmp/project-z/src/js/some/some.controller.js","b":{},"statementMap":{"1":{"start":{"column":0,"line":1},"end":{"column":5,"line":21}},"2":{"start":{"column":2,"line":11},"end":{"column":3,"line":15}},"3":{"start":{"column":6,"line":12},"end":{"column":20,"line":12}},"4":{"start":{"column":6,"line":14},"end":{"column":44,"line":14}},"5":{"start":{"column":2,"line":17},"end":{"column":36,"line":17}},"6":{"start":{"column":2,"line":19},"end":{"column":75,"line":19}}},"s":{"1":1,"2":1,"3":1,"4":1,"5":1,"6":1},"fnMap":{"1":{"name":"(anonymous_1)","loc":{"start":{"column":1,"line":1},"end":{"column":12,"line":1}},"line":1},"2":{"name":"SomeController","loc":{"start":{"column":2,"line":11},"end":{"column":32,"line":11}},"line":11}},"f":{"1":1,"2":1},"branchMap":{},"l":{"1":1,"11":1,"12":1,"14":1,"17":1,"19":1}},".tmp/project-z/src/js/some/some.service.js":{"path":".tmp/project-z/src/js/some/some.service.js","b":{},"statementMap":{"1":{"start":{"column":0,"line":1},"end":{"column":5,"line":22}},"2":{"start":{"column":4,"line":11},"end":{"column":11,"line":20}},"3":{"start":{"column":12,"line":13},"end":{"column":39,"line":13}},"4":{"start":{"column":12,"line":15},"end":{"column":13,"line":19}},"5":{"start":{"column":20,"line":17},"end":{"column":35,"line":17}}},"s":{"1":1,"2":1,"3":1,"4":1,"5":1},"fnMap":{"1":{"name":"(anonymous_1)","loc":{"start":{"column":1,"line":1},"end":{"column":13,"line":1}},"line":1},"2":{"name":"(anonymous_2)","loc":{"start":{"column":25,"line":12},"end":{"column":37,"line":12}},"line":12},"3":{"name":"(anonymous_3)","loc":{"start":{"column":30,"line":16},"end":{"column":42,"line":16}},"line":16}},"f":{"1":1,"2":1,"3":1},"branchMap":{},"l":{"1":1,"11":1,"13":1,"15":1,"17":1}},".tmp/project-z/src/js/app.js":{"path":".tmp/project-z/src/js/app.js","b":{},"statementMap":{"1":{"start":{"column":0,"line":1},"end":{"column":5,"line":5}},"2":{"start":{"column":4,"line":4},"end":{"column":36,"line":4}}},"s":{"1":1,"2":1},"fnMap":{"1":{"name":"(anonymous_1)","loc":{"start":{"column":1,"line":1},"end":{"column":13,"line":1}},"line":1}},"f":{"1":1},"branchMap":{},"l":{"1":1,"4":1}}}