TN:
SF:.tmp/project-z/src/js/some/some.controller.js
FN:1,(anonymous_1)
FN:11,SomeController
FNF:2
FNH:2
FNDA:1,(anonymous_1)
FNDA:1,SomeController
DA:1,1
DA:11,1
DA:12,1
DA:14,1
DA:17,1
DA:19,1
LF:6
LH:6
BRF:0
BRH:0
end_of_record
TN:
SF:.tmp/project-z/src/js/some/some.service.js
FN:1,(anonymous_1)
FN:12,(anonymous_2)
FN:16,(anonymous_3)
FNF:3
FNH:3
FNDA:1,(anonymous_1)
FNDA:1,(anonymous_2)
FNDA:1,(anonymous_3)
DA:1,1
DA:11,1
DA:13,1
DA:15,1
DA:17,1
LF:5
LH:5
BRF:0
BRH:0
end_of_record
TN:
SF:.tmp/project-z/src/js/app.js
FN:1,(anonymous_1)
FNF:1
FNH:1
FNDA:1,(anonymous_1)
DA:1,1
DA:4,1
LF:2
LH:2
BRF:0
BRH:0
end_of_record
