TN:
SF:./src/x.js
FN:1,App
FN:6,(anonymous_2)
FN:10,(anonymous_3)
FN:14,(anonymous_4)
FNF:4
FNH:4
FNDA:3,App
FNDA:1,(anonymous_2)
FNDA:1,(anonymous_3)
FNDA:1,(anonymous_4)
DA:1,1
DA:2,3
DA:6,3
DA:7,1
DA:10,3
DA:11,1
DA:14,3
DA:15,1
LF:8
LH:8
BRF:0
BRH:0
end_of_record
TN:
SF:./projecty/src/y.js
FN:1,App
FN:6,(anonymous_2)
FN:2,(anonymous_3)
FN:14,(anonymous_4)
FNF:4
FNH:3
FNDA:2,App
FNDA:1,(anonymous_2)
FNDA:0,(anonymous_3)
FNDA:1,(anonymous_4)
DA:1,1
DA:2,2
DA:6,2
DA:7,1
DA:10,2
DA:11,0
DA:14,2
DA:15,1
LF:8
LH:7
BRF:0
BRH:0
end_of_record
