<?xml version="1.0"?>
<testsuites>
  <testsuite name="PhantomJS 1.9.8 (Mac OS X)" package="" timestamp="2015-04-07T13:27:05" id="0" hostname="aurora-2.local" tests="2" errors="0" failures="0" time="0.001">
    <properties>
      <property name="browser.fullName" value="Mozilla/5.0 (Macintosh; Intel Mac OS X) AppleWebKit/534.34 (KHTML, like Gecko) PhantomJS/1.9.8 Safari/534.34"/>
    </properties>
    <testcase name="should say hello &apos;y&apos; app" time="0.001" classname="PhantomJS 1.9.8 (Mac OS X).Project Y"/>
    <testcase name="should say see you later" time="0" classname="PhantomJS 1.9.8 (Mac OS X).Project Y"/>
    <system-out><![CDATA[PhantomJS 1.9.8 (Mac OS X) LOG: Object{totalSpecsDefined: 2}

]]></system-out>
    <system-err/>
  </testsuite>
</testsuites>
