{
"./projectz/src/js/app.js":{"path":"./projectz/src/js/app.js","s":{"1":1,"2":1},"b":{},"f":{"1":1},"fnMap":{"1":{"name":"(anonymous_1)","line":1,"loc":{"start":{"line":1,"column":1},"end":{"line":1,"column":13}}}},"statementMap":{"1":{"start":{"line":1,"column":0},"end":{"line":5,"column":5}},"2":{"start":{"line":4,"column":4},"end":{"line":4,"column":36}}},"branchMap":{},"l":{"1":1,"4":1}},
"./projectz/src/js/some/some.controller.js":{"path":"./projectz/src/js/some/some.controller.js","s":{"1":1,"2":1,"3":1,"4":1,"5":1,"6":1},"b":{},"f":{"1":1,"2":1},"fnMap":{"1":{"name":"(anonymous_1)","line":1,"loc":{"start":{"line":1,"column":1},"end":{"line":1,"column":12}}},"2":{"name":"SomeController","line":11,"loc":{"start":{"line":11,"column":2},"end":{"line":11,"column":32}}}},"statementMap":{"1":{"start":{"line":1,"column":0},"end":{"line":21,"column":5}},"2":{"start":{"line":11,"column":2},"end":{"line":15,"column":3}},"3":{"start":{"line":12,"column":6},"end":{"line":12,"column":20}},"4":{"start":{"line":14,"column":6},"end":{"line":14,"column":44}},"5":{"start":{"line":17,"column":2},"end":{"line":17,"column":36}},"6":{"start":{"line":19,"column":2},"end":{"line":19,"column":75}}},"branchMap":{},"l":{"1":1,"11":1,"12":1,"14":1,"17":1,"19":1}},
"./projectz/src/js/some/some.service.js":{"path":"./projectz/src/js/some/some.service.js","s":{"1":1,"2":1,"3":2,"4":2,"5":1},"b":{},"f":{"1":1,"2":2,"3":1},"fnMap":{"1":{"name":"(anonymous_1)","line":1,"loc":{"start":{"line":1,"column":1},"end":{"line":1,"column":13}}},"2":{"name":"(anonymous_2)","line":12,"loc":{"start":{"line":12,"column":25},"end":{"line":12,"column":37}}},"3":{"name":"(anonymous_3)","line":16,"loc":{"start":{"line":16,"column":30},"end":{"line":16,"column":42}}}},"statementMap":{"1":{"start":{"line":1,"column":0},"end":{"line":22,"column":5}},"2":{"start":{"line":11,"column":4},"end":{"line":20,"column":11}},"3":{"start":{"line":13,"column":12},"end":{"line":13,"column":39}},"4":{"start":{"line":15,"column":12},"end":{"line":19,"column":13}},"5":{"start":{"line":17,"column":20},"end":{"line":17,"column":35}}},"branchMap":{},"l":{"1":1,"11":1,"13":2,"15":2,"17":1}}}
