TN:
SF:./src/js/todo.js
FN:1,(anonymous_1)
FNF:1
FNH:1
FNDA:1,(anonymous_1)
DA:1,1
DA:4,1
LF:2
LH:2
BRF:0
BRH:0
end_of_record
TN:
SF:./src/js/todo/todo.controller.js
FN:1,(anonymous_1)
FN:4,TodoController
FN:7,(anonymous_3)
FN:8,(anonymous_4)
FN:10,(anonymous_5)
FN:17,(anonymous_6)
FN:19,(anonymous_7)
FN:26,(anonymous_8)
FN:29,(anonymous_9)
FN:35,(anonymous_10)
FN:36,(anonymous_11)
FN:38,(anonymous_12)
FN:44,(anonymous_13)
FN:47,(anonymous_14)
FN:52,(anonymous_15)
FN:54,(anonymous_16)
FN:59,archive
FN:61,(anonymous_18)
FN:63,(anonymous_19)
FNF:19
FNH:19
FNDA:1,(anonymous_1)
FNDA:7,TodoController
FNDA:12,(anonymous_3)
FNDA:11,(anonymous_4)
FNDA:1,(anonymous_5)
FNDA:1,(anonymous_6)
FNDA:2,(anonymous_7)
FNDA:1,(anonymous_8)
FNDA:1,(anonymous_9)
FNDA:2,(anonymous_10)
FNDA:1,(anonymous_11)
FNDA:1,(anonymous_12)
FNDA:2,(anonymous_13)
FNDA:4,(anonymous_14)
FNDA:1,(anonymous_15)
FNDA:1,(anonymous_16)
FNDA:2,archive
FNDA:1,(anonymous_18)
FNDA:1,(anonymous_19)
DA:1,1
DA:4,1
DA:5,7
DA:7,7
DA:8,12
DA:9,11
DA:11,1
DA:15,7
DA:17,7
DA:18,1
DA:19,1
DA:20,2
DA:22,1
DA:26,7
DA:27,1
DA:30,1
DA:32,1
DA:35,7
DA:36,2
DA:37,1
DA:39,1
DA:41,2
DA:44,7
DA:45,2
DA:46,2
DA:47,2
DA:48,4
DA:49,2
DA:52,2
DA:53,1
DA:55,1
DA:59,1
DA:60,2
DA:61,2
DA:62,1
DA:64,1
DA:66,2
DA:70,1
DA:73,1
LF:39
LH:39
BRDA:20,1,0,1
BRDA:20,1,1,1
BRDA:48,2,0,2
BRDA:48,2,1,2
BRF:4
BRH:4
end_of_record
TN:
SF:./src/js/todo/todo.service.js
FN:1,(anonymous_1)
FN:4,TodoService
FNF:2
FNH:2
FNDA:1,(anonymous_1)
FNDA:12,TodoService
DA:1,1
DA:4,1
DA:5,12
DA:23,1
DA:28,1
LF:5
LH:5
BRF:0
BRH:0
end_of_record
TN:
SF:./src/x.js
FN:1,App
FN:6,(anonymous_2)
FN:10,(anonymous_3)
FN:14,(anonymous_4)
FNF:4
FNH:3
FNDA:2,App
FNDA:1,(anonymous_2)
FNDA:1,(anonymous_3)
FNDA:0,(anonymous_4)
DA:1,1
DA:2,2
DA:6,2
DA:7,1
DA:10,2
DA:11,1
DA:14,2
DA:15,0
LF:8
LH:7
BRF:0
BRH:0
end_of_record
