<?xml version="1.0"?><testsuites><testsuite name="Todo-application;There-are-uncompleted-and-unarchived-todos-available" tests="1" failures="0" errors="0" skipped="0" timestamp="Tue, 17 May 2016 12:54:20 GMT" time="0.008372863">
  <testcase name="Given I have todos" classname="happy-flow_feature" time="0.008372863"/>
</testsuite>,<testsuite name="Todo-application;Verify-information" tests="2" failures="0" errors="0" skipped="0" timestamp="Tue, 17 May 2016 12:54:20 GMT" time="0.154542296">
  <testcase name="Then the total number of todos is 3" classname="happy-flow_feature" time="0.087781098"/>
  <testcase name="And the total number of remaining uncompleted todos is 2" classname="happy-flow_feature" time="0.066761198"/>
</testsuite>,<testsuite name="Todo-application;Verify-available-todos" tests="2" failures="0" errors="0" skipped="0" timestamp="Tue, 17 May 2016 12:54:20 GMT" time="0.15417339400000002">
  <testcase name="Then todo 0 with description do something should be present" classname="happy-flow_feature" time="0.077476319"/>
  <testcase name="And todo 0 should be marked as completed false" classname="happy-flow_feature" time="0.076697075"/>
</testsuite>,<testsuite name="Todo-application;Verify-available-todos" tests="2" failures="0" errors="0" skipped="0" timestamp="Tue, 17 May 2016 12:54:20 GMT" time="0.11174416200000001">
  <testcase name="Then todo 1 with description do something else should be present" classname="happy-flow_feature" time="0.059147878"/>
  <testcase name="And todo 1 should be marked as completed true" classname="happy-flow_feature" time="0.052596284"/>
</testsuite>,<testsuite name="Todo-application;Verify-available-todos" tests="2" failures="0" errors="0" skipped="0" timestamp="Tue, 17 May 2016 12:54:20 GMT" time="0.11683717800000001">
  <testcase name="Then todo 2 with description do something different should be present" classname="happy-flow_feature" time="0.065038224"/>
  <testcase name="And todo 2 should be marked as completed false" classname="happy-flow_feature" time="0.051798954"/>
</testsuite>,<testsuite name="Todo-application;There-is-a-new-todo-that-needs-to-be-added" tests="2" failures="0" errors="0" skipped="0" timestamp="Tue, 17 May 2016 12:54:20 GMT" time="0.819071382">
  <testcase name="Given I have new todo" classname="happy-flow_feature" time="0.001678007"/>
  <testcase name="When I add the todo" classname="happy-flow_feature" time="0.817393375"/>
</testsuite>,<testsuite name="Todo-application;Verify-information" tests="2" failures="0" errors="0" skipped="0" timestamp="Tue, 17 May 2016 12:54:20 GMT" time="0.110343485">
  <testcase name="Then the total number of todos is 4" classname="happy-flow_feature" time="0.052520189"/>
  <testcase name="And the total number of remaining uncompleted todos is 3" classname="happy-flow_feature" time="0.057823296"/>
</testsuite>,<testsuite name="Todo-application;Verify-available-todos" tests="2" failures="0" errors="0" skipped="0" timestamp="Tue, 17 May 2016 12:54:20 GMT" time="0.115348168">
  <testcase name="Then todo 0 with description do something should be present" classname="happy-flow_feature" time="0.062084474"/>
  <testcase name="And todo 0 should be marked as completed false" classname="happy-flow_feature" time="0.053263694"/>
</testsuite>,<testsuite name="Todo-application;Verify-available-todos" tests="2" failures="0" errors="0" skipped="0" timestamp="Tue, 17 May 2016 12:54:20 GMT" time="0.111647599">
  <testcase name="Then todo 1 with description do something else should be present" classname="happy-flow_feature" time="0.063682868"/>
  <testcase name="And todo 1 should be marked as completed true" classname="happy-flow_feature" time="0.047964731"/>
</testsuite>,<testsuite name="Todo-application;Verify-available-todos" tests="2" failures="0" errors="0" skipped="0" timestamp="Tue, 17 May 2016 12:54:20 GMT" time="0.112054313">
  <testcase name="Then todo 2 with description do something different should be present" classname="happy-flow_feature" time="0.061187248"/>
  <testcase name="And todo 2 should be marked as completed false" classname="happy-flow_feature" time="0.050867065"/>
</testsuite>,<testsuite name="Todo-application;Verify-available-todos" tests="2" failures="0" errors="0" skipped="0" timestamp="Tue, 17 May 2016 12:54:20 GMT" time="0.123318186">
  <testcase name="Then todo 3 with description another todo should be present" classname="happy-flow_feature" time="0.068793096"/>
  <testcase name="And todo 3 should be marked as completed false" classname="happy-flow_feature" time="0.05452509"/>
</testsuite>,<testsuite name="Todo-application;There-are-items-that-can-be-archived" tests="2" failures="0" errors="0" skipped="0" timestamp="Tue, 17 May 2016 12:54:20 GMT" time="0.7628742230000001">
  <testcase name="Given I have completed todos that has not been archived yet" classname="happy-flow_feature" time="0.001159011"/>
  <testcase name="When I archive the todos" classname="happy-flow_feature" time="0.761715212"/>
</testsuite>,<testsuite name="Todo-application;Verify-information" tests="2" failures="0" errors="0" skipped="0" timestamp="Tue, 17 May 2016 12:54:20 GMT" time="0.114381446">
  <testcase name="Then the total number of todos is 3" classname="happy-flow_feature" time="0.052314416"/>
  <testcase name="And the total number of remaining uncompleted todos is 3" classname="happy-flow_feature" time="0.06206703"/>
</testsuite>,<testsuite name="Todo-application;Verify-available-todos" tests="2" failures="0" errors="0" skipped="0" timestamp="Tue, 17 May 2016 12:54:20 GMT" time="0.11899399299999999">
  <testcase name="Then todo 0 with description do something should be present" classname="happy-flow_feature" time="0.066332211"/>
  <testcase name="And todo 0 should be marked as completed false" classname="happy-flow_feature" time="0.052661782"/>
</testsuite>,<testsuite name="Todo-application;Verify-available-todos" tests="2" failures="0" errors="0" skipped="0" timestamp="Tue, 17 May 2016 12:54:20 GMT" time="0.121906878">
  <testcase name="Then todo 1 with description do something different should be present" classname="happy-flow_feature" time="0.064006963"/>
  <testcase name="And todo 1 should be marked as completed false" classname="happy-flow_feature" time="0.057899915"/>
</testsuite>,<testsuite name="Todo-application;Verify-available-todos" tests="2" failures="0" errors="0" skipped="0" timestamp="Tue, 17 May 2016 12:54:20 GMT" time="0.114035941">
  <testcase name="Then todo 2 with description another todo should be present" classname="happy-flow_feature" time="0.061920499"/>
  <testcase name="And todo 2 should be marked as completed false" classname="happy-flow_feature" time="0.052115442"/>
</testsuite>,<testsuite name="Todo-application;There-is-a-todo-that-is-completed" tests="2" failures="0" errors="0" skipped="0" timestamp="Tue, 17 May 2016 12:54:20 GMT" time="0.8553191379999999">
  <testcase name="Given I have completed a todo" classname="happy-flow_feature" time="0.001335358"/>
  <testcase name="When I check the todo as completed" classname="happy-flow_feature" time="0.85398378"/>
</testsuite>,<testsuite name="Todo-application;Verify-information" tests="2" failures="0" errors="0" skipped="0" timestamp="Tue, 17 May 2016 12:54:20 GMT" time="0.103797689">
  <testcase name="Then the total number of todos is 3" classname="happy-flow_feature" time="0.051626616"/>
  <testcase name="And the total number of remaining uncompleted todos is 2" classname="happy-flow_feature" time="0.052171073"/>
</testsuite>,<testsuite name="Todo-application;Verify-available-todos" tests="2" failures="0" errors="0" skipped="0" timestamp="Tue, 17 May 2016 12:54:20 GMT" time="0.10939838399999999">
  <testcase name="Then todo 0 with description do something should be present" classname="happy-flow_feature" time="0.060343561"/>
  <testcase name="And todo 0 should be marked as completed false" classname="happy-flow_feature" time="0.049054823"/>
</testsuite>,<testsuite name="Todo-application;Verify-available-todos" tests="2" failures="0" errors="0" skipped="0" timestamp="Tue, 17 May 2016 12:54:20 GMT" time="0.118125568">
  <testcase name="Then todo 1 with description do something different should be present" classname="happy-flow_feature" time="0.059132384"/>
  <testcase name="And todo 1 should be marked as completed false" classname="happy-flow_feature" time="0.058993184"/>
</testsuite>,<testsuite name="Todo-application;Verify-available-todos" tests="2" failures="0" errors="0" skipped="0" timestamp="Tue, 17 May 2016 12:54:20 GMT" time="0.109912021">
  <testcase name="Then todo 2 with description another todo should be present" classname="happy-flow_feature" time="0.059828614"/>
  <testcase name="And todo 2 should be marked as completed true" classname="happy-flow_feature" time="0.050083407"/>
</testsuite><testsuite name="Todo-application;The-api-response-for-fetching-the-todos-is-not-ok" tests="1" failures="0" errors="0" skipped="0" timestamp="Tue, 17 May 2016 12:54:18 GMT" time="0.008220623">
  <testcase name="Given an error occurred while fetching the todos" classname="unhappy-flow_feature" time="0.008220623"/>
</testsuite>,<testsuite name="Todo-application;Verify-information" tests="3" failures="0" errors="0" skipped="0" timestamp="Tue, 17 May 2016 12:54:18 GMT" time="0.256051041">
  <testcase name="Then the total number of todos is 0" classname="happy-flow_feature" time="0.086801463"/>
  <testcase name="And the total number of remaining uncompleted todos is 0" classname="happy-flow_feature" time="0.069326565"/>
  <testcase name="And the total number of completed but unarchived todos is 0" classname="happy-flow_feature" time="0.099923013"/>
</testsuite>,<testsuite name="Todo-application;The-api-response-for-adding-a-todo-is-not-ok" tests="2" failures="0" errors="0" skipped="0" timestamp="Tue, 17 May 2016 12:54:18 GMT" time="0.812677884">
  <testcase name="Given an error occurred while adding a todo" classname="unhappy-flow_feature" time="0.002123471"/>
  <testcase name="When I add the todo" classname="unhappy-flow_feature" time="0.810554413"/>
</testsuite>,<testsuite name="Todo-application;Verify-information" tests="3" failures="0" errors="0" skipped="0" timestamp="Tue, 17 May 2016 12:54:18 GMT" time="0.21142250699999998">
  <testcase name="Then the total number of todos is 3" classname="happy-flow_feature" time="0.062307353"/>
  <testcase name="And the total number of remaining uncompleted todos is 2" classname="happy-flow_feature" time="0.051699269"/>
  <testcase name="And the total number of completed but unarchived todos is 1" classname="happy-flow_feature" time="0.097415885"/>
</testsuite>,<testsuite name="Todo-application;The-api-response-for-archiving-a-todo-is-not-ok" tests="2" failures="0" errors="0" skipped="0" timestamp="Tue, 17 May 2016 12:54:18 GMT" time="0.767031182">
  <testcase name="Given an error occurred while archiving a todo" classname="unhappy-flow_feature" time="0.001615903"/>
  <testcase name="When I archive the todos" classname="unhappy-flow_feature" time="0.765415279"/>
</testsuite>,<testsuite name="Todo-application;Verify-information" tests="3" failures="0" errors="0" skipped="0" timestamp="Tue, 17 May 2016 12:54:18 GMT" time="0.24841642000000003">
  <testcase name="Then the total number of todos is 3" classname="happy-flow_feature" time="0.06191354"/>
  <testcase name="And the total number of remaining uncompleted todos is 2" classname="happy-flow_feature" time="0.096432096"/>
  <testcase name="And the total number of completed but unarchived todos is 1" classname="happy-flow_feature" time="0.090070784"/>
</testsuite>,<testsuite name="Todo-application;The-api-response-for-marking-a-todo-as-completed-is-not-ok" tests="2" failures="0" errors="0" skipped="0" timestamp="Tue, 17 May 2016 12:54:18 GMT" time="0.838309552">
  <testcase name="Given an error occurred while completing a todo" classname="unhappy-flow_feature" time="0.00152919"/>
  <testcase name="When I check the todo as completed" classname="unhappy-flow_feature" time="0.836780362"/>
</testsuite>,<testsuite name="Todo-application;Verify-information" tests="3" failures="0" errors="0" skipped="0" timestamp="Tue, 17 May 2016 12:54:18 GMT" time="0.204547557">
  <testcase name="Then the total number of todos is 3" classname="happy-flow_feature" time="0.05752426"/>
  <testcase name="And the total number of remaining uncompleted todos is 2" classname="happy-flow_feature" time="0.05375083"/>
  <testcase name="And the total number of completed but unarchived todos is 1" classname="happy-flow_feature" time="0.093272467"/>
</testsuite><testsuite name="Happy flow" timestamp="2016-05-17T14:54:10" hostname="localhost" time="2.085" errors="0" tests="6" skipped="0" disabled="0" failures="0">
  <testcase classname="happy-flow_spec" name="should show all todos" time="0.327"/>
  <testcase classname="happy-flow_spec" name="should show the total number of todos" time="0.082"/>
  <testcase classname="happy-flow_spec" name="should show the total number of remaining uncompleted todos" time="0.093"/>
  <testcase classname="todo_service_spec" name="should add a todo" time="0.345"/>
  <testcase classname="happy-flow_spec" name="should archive completed todo" time="0.232"/>
  <testcase classname="happy-flow_spec" name="should mark a todo as completed" time="0.34"/>
</testsuite><testsuite name="Unhappy flow" timestamp="2016-05-17T14:54:10" hostname="localhost" time="1.933" errors="0" tests="0" skipped="0" disabled="0" failures="0"/>,<testsuite name="Unhappy flow.when the backend returns anything other than a status 200" timestamp="2016-05-17T14:54:10" hostname="localhost" time="1.37" errors="0" tests="6" skipped="0" disabled="0" failures="0">
  <testcase classname="unhappy-flow_spec" name="should not show any todo" time="0.101"/>
  <testcase classname="unhappy-flow_spec" name="should show the total number of todos" time="0.124"/>
  <testcase classname="unhappy-flow_spec" name="should show the total number of remaining uncompleted todos" time="0.093"/>
  <testcase classname="unhappy-flow_spec" name="should not add a todo" time="0.321"/>
  <testcase classname="unhappy-flow_spec" name="should not archive completed todo" time="0.366"/>
  <testcase classname="unhappy-flow_spec" name="should not mark a todo as completed" time="0.362"/>
</testsuite></testsuites>