<?xml version="1.0"?><testsuites><testsuite name="Todo-application;There-are-uncompleted-and-unarchived-todos-available" tests="4" failures="0" errors="0" skipped="0" timestamp="Wed, 27 Jan 2016 21:18:09 GMT" time="2.4329169250000002">
  <testcase name="Given I have todos" classname="happy-flow_feature" time="0.03736145"/>
  <testcase name="Then They should be visible" classname="happy-flow_feature" time="1.882445576"/>
  <testcase name="And the total number of todos is visible" classname="happy-flow_feature" time="0.228341593"/>
  <testcase name="And the total number of remaining uncompleted todos is visible" classname="happy-flow_feature" time="0.284768306"/>
</testsuite>,<testsuite name="Todo-application;There-is-a-new-todo-that-needs-to-be-added" tests="5" failures="0" errors="0" skipped="0" timestamp="Wed, 27 Jan 2016 21:18:09 GMT" time="2.6925437370000003">
  <testcase name="Given I have new todo" classname="happy-flow_feature" time="1.515692785"/>
  <testcase name="When I add the todo" classname="happy-flow_feature" time="0.428645488"/>
  <testcase name="Then it should be added to the list" classname="happy-flow_feature" time="0.247267621"/>
  <testcase name="And the total number of todos should be updated" classname="happy-flow_feature" time="0.12619002"/>
  <testcase name="And the total number of remaining uncompleted todos should be updated" classname="happy-flow_feature" time="0.374747823"/>
</testsuite>,<testsuite name="Todo-application;There-are-items-that-can-be-archived" tests="6" failures="0" errors="0" skipped="0" timestamp="Wed, 27 Jan 2016 21:18:09 GMT" time="2.323110459">
  <testcase name="Given I have completed todos that has not been archived yet" classname="happy-flow_feature" time="0.989081735"/>
  <testcase name="When I archive the todos" classname="happy-flow_feature" time="0.146955253"/>
  <testcase name="Then they should be removed from the list" classname="happy-flow_feature" time="0.717640496"/>
  <testcase name="And the total number of todos should be updated" classname="happy-flow_feature" time="0.105022514"/>
  <testcase name="And the total number of remaining uncompleted todos should be unchanged" classname="happy-flow_feature" time="0.115585805"/>
  <testcase name="And the total number of completed but unarchived todos should be updated" classname="happy-flow_feature" time="0.248824656"/>
</testsuite>,<testsuite name="Todo-application;There-is-a-todo-that-is-completed" tests="5" failures="0" errors="0" skipped="0" timestamp="Wed, 27 Jan 2016 21:18:09 GMT" time="1.6133694530000002">
  <testcase name="Given I have completed a todo" classname="happy-flow_feature" time="0.948410583"/>
  <testcase name="When I check the todo as completed" classname="happy-flow_feature" time="0.189146304"/>
  <testcase name="Then it should be marked as completed" classname="happy-flow_feature" time="0.255973241"/>
  <testcase name="And the total number of remaining uncompleted todos should be updated" classname="happy-flow_feature" time="0.083462818"/>
  <testcase name="And the total number of completed but unarchived todos should be updated" classname="happy-flow_feature" time="0.136376507"/>
</testsuite><testsuite name="Todo-application;The-api-response-for-fetching-the-todos-is-not-ok" tests="4" failures="0" errors="0" skipped="0" timestamp="Wed, 27 Jan 2016 21:18:08 GMT" time="1.6924997769999999">
  <testcase name="Given an error occurred while fetching the todos" classname="unhappy-flow_feature" time="0.0167015"/>
  <testcase name="Then the total number of todos should be 0" classname="unhappy-flow_feature" time="1.150076164"/>
  <testcase name="And the total number of remaining uncompleted todos should be 0" classname="unhappy-flow_feature" time="0.171164404"/>
  <testcase name="And the total number of completed but unarchived todos should be 0" classname="unhappy-flow_feature" time="0.354557709"/>
</testsuite>,<testsuite name="Todo-application;The-api-response-for-adding-a-todo-is-not-ok" tests="4" failures="0" errors="0" skipped="0" timestamp="Wed, 27 Jan 2016 21:18:08 GMT" time="2.554512058">
  <testcase name="Given an error occurred while adding a todo" classname="unhappy-flow_feature" time="1.768974734"/>
  <testcase name="Then the total number of todos should be 0" classname="unhappy-flow_feature" time="0.344130631"/>
  <testcase name="And the total number of remaining uncompleted todos should be 0" classname="unhappy-flow_feature" time="0.182618937"/>
  <testcase name="And the total number of completed but unarchived todos should be 0" classname="unhappy-flow_feature" time="0.258787756"/>
</testsuite>,<testsuite name="Todo-application;The-api-response-for-archiving-a-todo-is-not-ok" tests="4" failures="0" errors="0" skipped="0" timestamp="Wed, 27 Jan 2016 21:18:08 GMT" time="2.063508408">
  <testcase name="Given an error occurred while archiving a todo" classname="unhappy-flow_feature" time="1.655975981"/>
  <testcase name="Then the total number of todos should not update" classname="unhappy-flow_feature" time="0.129082345"/>
  <testcase name="And the total number of remaining uncompleted todos should not be updated" classname="unhappy-flow_feature" time="0.100827919"/>
  <testcase name="And the total number of completed but unarchived todos should not be updated" classname="unhappy-flow_feature" time="0.177622163"/>
</testsuite>,<testsuite name="Todo-application;The-api-response-for-marking-a-todo-as-completed-is-not-ok" tests="4" failures="0" errors="0" skipped="0" timestamp="Wed, 27 Jan 2016 21:18:08 GMT" time="1.6830120869999998">
  <testcase name="Given an error occurred while completing a todo" classname="unhappy-flow_feature" time="1.04355794"/>
  <testcase name="Then the total number of todos should not update" classname="unhappy-flow_feature" time="0.26472661"/>
  <testcase name="And the total number of remaining uncompleted todos should not be updated" classname="unhappy-flow_feature" time="0.131920829"/>
  <testcase name="And the total number of completed but unarchived todos should not be updated" classname="unhappy-flow_feature" time="0.242806708"/>
</testsuite><testsuite name="Happy flow" timestamp="2016-01-27T22:17:50" hostname="localhost" time="3.965" errors="0" tests="6" skipped="0" disabled="0" failures="0">
  <testcase classname="happy-flow_spec" name="should show all todos" time="0.85"/>
  <testcase classname="happy-flow_spec" name="should show the total number of todos" time="0.188"/>
  <testcase classname="happy-flow_spec" name="should show the total number of remaining uncompleted todos" time="0.183"/>
  <testcase classname="todo_service_spec" name="should add a todo" time="0.829"/>
  <testcase classname="happy-flow_spec" name="should archive completed todo" time="0.545"/>
  <testcase classname="happy-flow_spec" name="should mark a todo as completed" time="0.537"/>
</testsuite><testsuite name="Unhappy flow" timestamp="2016-01-27T22:17:50" hostname="localhost" time="3.882" errors="0" tests="0" skipped="0" disabled="0" failures="0"/>,<testsuite name="Unhappy flow.when the backend returns anything other than a status 200" timestamp="2016-01-27T22:17:51" hostname="localhost" time="2.902" errors="0" tests="6" skipped="0" disabled="0" failures="0">
  <testcase classname="unhappy-flow_spec" name="should not show any todo" time="0.332"/>
  <testcase classname="unhappy-flow_spec" name="should show the total number of todos" time="0.232"/>
  <testcase classname="unhappy-flow_spec" name="should show the total number of remaining uncompleted todos" time="0.219"/>
  <testcase classname="unhappy-flow_spec" name="should not add a todo" time="0.788"/>
  <testcase classname="unhappy-flow_spec" name="should not archive completed todo" time="0.78"/>
  <testcase classname="unhappy-flow_spec" name="should not mark a todo as completed" time="0.546"/>
</testsuite></testsuites>