TN:
SF:./app/todo.module.js
FN:1,(anonymous_1)
FNF:1
FNH:1
FNDA:1,(anonymous_1)
DA:1,1
DA:4,1
LF:2
LH:2
BRF:0
BRH:0
end_of_record
TN:
SF:./app/todo/todo.component.js
FN:1,(anonymous_1)
FNF:1
FNH:1
FNDA:1,(anonymous_1)
DA:1,1
DA:4,1
LF:2
LH:2
BRF:0
BRH:0
end_of_record
TN:
SF:./app/todo/todo.controller.js
FN:1,(anonymous_1)
FN:8,TodoController
FN:17,onInit
FN:25,_fetch
FN:27,(anonymous_5)
FN:29,(anonymous_6)
FN:39,add
FN:43,(anonymous_8)
FN:45,(anonymous_9)
FN:55,complete
FN:57,(anonymous_11)
FN:59,(anonymous_12)
FN:65,archive
FN:68,(anonymous_14)
FN:70,(anonymous_15)
FN:74,(anonymous_16)
FN:76,(anonymous_17)
FN:85,uncompleted
FN:86,(anonymous_19)
FN:96,_archive
FN:98,(anonymous_21)
FN:100,(anonymous_22)
FNF:22
FNH:22
FNDA:1,(anonymous_1)
FNDA:18,TodoController
FNDA:6,onInit
FNDA:10,_fetch
FNDA:3,(anonymous_5)
FNDA:2,(anonymous_6)
FNDA:5,add
FNDA:2,(anonymous_8)
FNDA:2,(anonymous_9)
FNDA:3,complete
FNDA:1,(anonymous_11)
FNDA:1,(anonymous_12)
FNDA:3,archive
FNDA:12,(anonymous_14)
FNDA:6,(anonymous_15)
FNDA:1,(anonymous_16)
FNDA:1,(anonymous_17)
FNDA:1,uncompleted
FNDA:4,(anonymous_19)
FNDA:6,_archive
FNDA:2,(anonymous_21)
FNDA:2,(anonymous_22)
DA:1,1
DA:4,1
DA:8,1
DA:9,18
DA:10,18
DA:11,18
DA:12,18
DA:13,18
DA:14,18
DA:17,1
DA:18,6
DA:25,1
DA:26,10
DA:27,10
DA:28,3
DA:30,2
DA:31,2
DA:39,1
DA:40,5
DA:41,5
DA:44,2
DA:46,2
DA:48,5
DA:55,1
DA:56,3
DA:57,3
DA:58,1
DA:60,1
DA:65,1
DA:66,3
DA:67,3
DA:68,3
DA:69,12
DA:71,6
DA:74,3
DA:75,1
DA:77,1
DA:85,1
DA:86,1
DA:87,4
DA:96,1
DA:97,6
DA:98,6
DA:99,2
DA:101,2
DA:103,6
DA:107,1
LF:47
LH:47
BRF:0
BRH:0
end_of_record
TN:
SF:./app/todo/todo.controller.spec.js
FN:1,(anonymous_1)
FN:4,(anonymous_2)
FN:26,(anonymous_3)
FN:36,(anonymous_4)
FN:43,(anonymous_5)
FN:44,(anonymous_6)
FN:45,(anonymous_7)
FN:51,(anonymous_8)
FN:52,(anonymous_9)
FN:53,(anonymous_10)
FN:59,(anonymous_11)
FN:63,(anonymous_12)
FN:68,(anonymous_13)
FN:69,(anonymous_14)
FN:70,(anonymous_15)
FN:76,(anonymous_16)
FN:80,(anonymous_17)
FN:84,(anonymous_18)
FN:91,(anonymous_19)
FN:92,(anonymous_20)
FN:93,(anonymous_21)
FN:97,(anonymous_22)
FN:102,(anonymous_23)
FN:103,(anonymous_24)
FN:104,(anonymous_25)
FN:110,(anonymous_26)
FN:114,(anonymous_27)
FN:119,(anonymous_28)
FN:120,(anonymous_29)
FN:121,(anonymous_30)
FN:127,(anonymous_31)
FN:131,(anonymous_32)
FN:138,(anonymous_33)
FN:139,(anonymous_34)
FN:140,(anonymous_35)
FN:145,(anonymous_36)
FN:146,(anonymous_37)
FN:147,(anonymous_38)
FN:153,(anonymous_39)
FN:158,(anonymous_40)
FN:159,(anonymous_41)
FN:160,(anonymous_42)
FN:166,(anonymous_43)
FN:173,(anonymous_44)
FN:174,(anonymous_45)
FN:175,(anonymous_46)
FN:178,(anonymous_47)
FN:185,(anonymous_48)
FN:186,(anonymous_49)
FN:187,(anonymous_50)
FN:194,(anonymous_51)
FN:199,(anonymous_52)
FN:200,(anonymous_53)
FN:201,(anonymous_54)
FN:208,(anonymous_55)
FN:215,(anonymous_56)
FN:216,(anonymous_57)
FN:219,(anonymous_58)
FNF:58
FNH:58
FNDA:1,(anonymous_1)
FNDA:1,(anonymous_2)
FNDA:18,(anonymous_3)
FNDA:18,(anonymous_4)
FNDA:1,(anonymous_5)
FNDA:1,(anonymous_6)
FNDA:1,(anonymous_7)
FNDA:1,(anonymous_8)
FNDA:2,(anonymous_9)
FNDA:2,(anonymous_10)
FNDA:1,(anonymous_11)
FNDA:1,(anonymous_12)
FNDA:1,(anonymous_13)
FNDA:3,(anonymous_14)
FNDA:3,(anonymous_15)
FNDA:1,(anonymous_16)
FNDA:1,(anonymous_17)
FNDA:1,(anonymous_18)
FNDA:1,(anonymous_19)
FNDA:1,(anonymous_20)
FNDA:5,(anonymous_21)
FNDA:1,(anonymous_22)
FNDA:1,(anonymous_23)
FNDA:2,(anonymous_24)
FNDA:2,(anonymous_25)
FNDA:1,(anonymous_26)
FNDA:1,(anonymous_27)
FNDA:1,(anonymous_28)
FNDA:2,(anonymous_29)
FNDA:2,(anonymous_30)
FNDA:1,(anonymous_31)
FNDA:1,(anonymous_32)
FNDA:1,(anonymous_33)
FNDA:1,(anonymous_34)
FNDA:1,(anonymous_35)
FNDA:1,(anonymous_36)
FNDA:1,(anonymous_37)
FNDA:1,(anonymous_38)
FNDA:1,(anonymous_39)
FNDA:1,(anonymous_40)
FNDA:1,(anonymous_41)
FNDA:1,(anonymous_42)
FNDA:1,(anonymous_43)
FNDA:1,(anonymous_44)
FNDA:1,(anonymous_45)
FNDA:3,(anonymous_46)
FNDA:1,(anonymous_47)
FNDA:1,(anonymous_48)
FNDA:1,(anonymous_49)
FNDA:2,(anonymous_50)
FNDA:1,(anonymous_51)
FNDA:1,(anonymous_52)
FNDA:1,(anonymous_53)
FNDA:2,(anonymous_54)
FNDA:1,(anonymous_55)
FNDA:1,(anonymous_56)
FNDA:1,(anonymous_57)
FNDA:1,(anonymous_58)
DA:1,1
DA:4,1
DA:5,1
DA:6,1
DA:26,1
DA:27,18
DA:29,18
DA:36,18
DA:37,18
DA:38,18
DA:43,1
DA:44,1
DA:45,1
DA:46,1
DA:48,1
DA:51,1
DA:52,1
DA:53,2
DA:54,2
DA:56,2
DA:59,1
DA:60,1
DA:63,1
DA:64,1
DA:68,1
DA:69,1
DA:70,3
DA:71,3
DA:73,3
DA:76,1
DA:77,1
DA:80,1
DA:81,1
DA:84,1
DA:85,1
DA:91,1
DA:92,1
DA:93,1
DA:94,5
DA:97,1
DA:98,1
DA:99,1
DA:102,1
DA:103,1
DA:104,2
DA:105,2
DA:107,2
DA:110,1
DA:111,1
DA:114,1
DA:115,1
DA:119,1
DA:120,1
DA:121,2
DA:122,2
DA:124,2
DA:127,1
DA:128,1
DA:131,1
DA:132,1
DA:138,1
DA:139,1
DA:140,1
DA:141,1
DA:142,1
DA:145,1
DA:146,1
DA:147,1
DA:148,1
DA:150,1
DA:153,1
DA:154,1
DA:158,1
DA:159,1
DA:160,1
DA:161,1
DA:163,1
DA:166,1
DA:167,1
DA:173,1
DA:174,1
DA:175,1
DA:176,3
DA:178,1
DA:179,1
DA:180,1
DA:181,1
DA:182,1
DA:185,1
DA:186,1
DA:187,1
DA:188,2
DA:190,1
DA:191,1
DA:194,1
DA:195,1
DA:199,1
DA:200,1
DA:201,1
DA:202,2
DA:204,1
DA:205,1
DA:208,1
DA:209,1
DA:215,1
DA:216,1
DA:217,1
DA:219,1
DA:220,1
DA:221,1
LF:110
LH:110
BRF:0
BRH:0
end_of_record
TN:
SF:./app/todo/todo.service.js
FN:1,(anonymous_1)
FN:9,TodoService
FNF:2
FNH:2
FNDA:1,(anonymous_1)
FNDA:4,TodoService
DA:1,1
DA:5,1
DA:9,1
DA:10,4
DA:27,1
LF:5
LH:5
BRF:0
BRH:0
end_of_record
TN:
SF:./app/todo/todo.service.spec.js
FN:1,(anonymous_1)
FN:4,(anonymous_2)
FN:11,(anonymous_3)
FN:14,(anonymous_4)
FN:20,(anonymous_5)
FN:26,(anonymous_6)
FN:27,(anonymous_7)
FN:35,(anonymous_8)
FN:36,(anonymous_9)
FN:43,(anonymous_10)
FN:44,(anonymous_11)
FNF:11
FNH:11
FNDA:1,(anonymous_1)
FNDA:1,(anonymous_2)
FNDA:4,(anonymous_3)
FNDA:4,(anonymous_4)
FNDA:1,(anonymous_5)
FNDA:1,(anonymous_6)
FNDA:1,(anonymous_7)
FNDA:1,(anonymous_8)
FNDA:1,(anonymous_9)
FNDA:1,(anonymous_10)
FNDA:1,(anonymous_11)
DA:1,1
DA:4,1
DA:5,1
DA:11,1
DA:12,4
DA:14,4
DA:15,4
DA:16,4
DA:20,1
DA:21,1
DA:22,1
DA:23,1
DA:26,1
DA:27,1
DA:28,1
DA:30,1
DA:31,1
DA:35,1
DA:36,1
DA:37,1
DA:39,1
DA:40,1
DA:43,1
DA:44,1
DA:45,1
DA:47,1
DA:48,1
LF:27
LH:27
BRF:0
BRH:0
end_of_record
