TN:
SF:./src/js/todo/todo.controller.js
FN:1,(anonymous_1)
FN:4,TodoController
FN:7,(anonymous_3)
FN:8,(anonymous_4)
FN:10,(anonymous_5)
FN:17,(anonymous_6)
FN:19,(anonymous_7)
FN:26,(anonymous_8)
FN:29,(anonymous_9)
FN:35,(anonymous_10)
FN:36,(anonymous_11)
FN:38,(anonymous_12)
FN:44,(anonymous_13)
FN:47,(anonymous_14)
FN:52,(anonymous_15)
FN:54,(anonymous_16)
FN:59,archive
FN:61,(anonymous_18)
FN:63,(anonymous_19)
FNF:19
FNH:19
FNDA:47,(anonymous_1)
FNDA:47,TodoController
FNDA:83,(anonymous_3)
FNDA:67,(anonymous_4)
FNDA:14,(anonymous_5)
FNDA:615,(anonymous_6)
FNDA:1239,(anonymous_7)
FNDA:17,(anonymous_8)
FNDA:9,(anonymous_9)
FNDA:10,(anonymous_10)
FNDA:6,(anonymous_11)
FNDA:4,(anonymous_12)
FNDA:13,(anonymous_13)
FNDA:46,(anonymous_14)
FNDA:7,(anonymous_15)
FNDA:6,(anonymous_16)
FNDA:13,archive
FNDA:7,(anonymous_18)
FNDA:6,(anonymous_19)
DA:1,47
DA:4,47
DA:5,47
DA:7,47
DA:8,83
DA:9,67
DA:11,14
DA:15,47
DA:17,47
DA:18,615
DA:19,615
DA:20,1239
DA:22,615
DA:26,47
DA:27,17
DA:30,9
DA:32,17
DA:35,47
DA:36,10
DA:37,6
DA:39,4
DA:41,10
DA:44,47
DA:45,13
DA:46,13
DA:47,13
DA:48,46
DA:49,13
DA:52,13
DA:53,7
DA:55,6
DA:59,47
DA:60,13
DA:61,13
DA:62,7
DA:64,6
DA:66,13
DA:70,47
DA:73,47
LF:39
LH:39
BRDA:20,1,0,379
BRDA:20,1,1,860
BRDA:48,2,0,13
BRDA:48,2,1,33
BRF:4
BRH:4
end_of_record
TN:
SF:./src/js/todo/todo.service.js
FN:1,(anonymous_1)
FN:4,TodoService
FNF:2
FNH:2
FNDA:47,(anonymous_1)
FNDA:47,TodoService
DA:1,47
DA:4,47
DA:5,47
DA:23,47
DA:28,47
LF:5
LH:5
BRF:0
BRH:0
end_of_record
TN:
SF:./src/js/todo.js
FN:1,(anonymous_1)
FNF:1
FNH:1
FNDA:47,(anonymous_1)
DA:1,47
DA:4,47
LF:2
LH:2
BRF:0
BRH:0
end_of_record
