TN:
SF:./app/todo/todo.service.js
FN:1,(anonymous_1)
FN:9,TodoService
FNF:2
FNH:2
FNDA:8,(anonymous_1)
FNDA:8,TodoService
DA:1,8
DA:5,8
DA:9,8
DA:10,8
DA:27,8
LF:5
LH:5
BRF:0
BRH:0
end_of_record
TN:
SF:./app/todo.module.js
FN:1,(anonymous_1)
FNF:1
FNH:1
FNDA:8,(anonymous_1)
DA:1,8
DA:4,8
LF:2
LH:2
BRF:0
BRH:0
end_of_record
TN:
SF:./app/todo/todo.controller.js
FN:1,(anonymous_1)
FN:8,TodoController
FN:17,onInit
FN:25,_fetch
FN:27,(anonymous_5)
FN:29,(anonymous_6)
FN:39,add
FN:43,(anonymous_8)
FN:45,(anonymous_9)
FN:55,complete
FN:57,(anonymous_11)
FN:59,(anonymous_12)
FN:65,archive
FN:68,(anonymous_14)
FN:70,(anonymous_15)
FN:74,(anonymous_16)
FN:76,(anonymous_17)
FN:85,uncompleted
FN:86,(anonymous_19)
FN:96,_archive
FN:98,(anonymous_21)
FN:100,(anonymous_22)
FNF:22
FNH:22
FNDA:8,(anonymous_1)
FNDA:8,TodoController
FNDA:8,onInit
FNDA:14,_fetch
FNDA:13,(anonymous_5)
FNDA:1,(anonymous_6)
FNDA:4,add
FNDA:3,(anonymous_8)
FNDA:1,(anonymous_9)
FNDA:2,complete
FNDA:1,(anonymous_11)
FNDA:1,(anonymous_12)
FNDA:3,archive
FNDA:11,(anonymous_14)
FNDA:3,(anonymous_15)
FNDA:2,(anonymous_16)
FNDA:1,(anonymous_17)
FNDA:127,uncompleted
FNDA:339,(anonymous_19)
FNDA:3,_archive
FNDA:2,(anonymous_21)
FNDA:1,(anonymous_22)
DA:1,8
DA:4,8
DA:8,8
DA:9,8
DA:10,8
DA:11,8
DA:12,8
DA:13,8
DA:14,8
DA:17,8
DA:18,8
DA:25,8
DA:26,14
DA:27,14
DA:28,13
DA:30,1
DA:31,1
DA:39,8
DA:40,4
DA:41,4
DA:44,3
DA:46,1
DA:48,4
DA:55,8
DA:56,2
DA:57,2
DA:58,1
DA:60,1
DA:65,8
DA:66,3
DA:67,3
DA:68,3
DA:69,11
DA:71,3
DA:74,3
DA:75,2
DA:77,1
DA:85,8
DA:86,127
DA:87,339
DA:96,8
DA:97,3
DA:98,3
DA:99,2
DA:101,1
DA:103,3
DA:107,8
LF:47
LH:47
BRF:0
BRH:0
end_of_record
TN:
SF:./app/todo/todo.component.js
FN:1,(anonymous_1)
FNF:1
FNH:1
FNDA:8,(anonymous_1)
DA:1,8
DA:4,8
LF:2
LH:2
BRF:0
BRH:0
end_of_record
