<?xml version="1.0"?><testsuites><testsuite name="Happy flow" timestamp="2016-01-08T22:12:11" hostname="localhost" time="1.84" errors="0" tests="6" skipped="0" disabled="0" failures="0">
  <testcase classname="happy-flow_spec" name="should show all todos" time="0.287"/>
  <testcase classname="happy-flow_spec" name="should show the total number of todos" time="0.074"/>
  <testcase classname="happy-flow_spec" name="should show the total number of remaining uncompleted todos" time="0.069"/>
  <testcase classname="todo_service_spec" name="should add a todo" time="0.416"/>
  <testcase classname="happy-flow_spec" name="should archive completed todo" time="0.286"/>
  <testcase classname="happy-flow_spec" name="should mark a todo as completed" time="0.318"/>
</testsuite><testsuite name="Unhappy flow" timestamp="2016-01-08T22:12:11" hostname="localhost" time="1.801" errors="0" tests="0" skipped="0" disabled="0" failures="0"/>,<testsuite name="Unhappy flow.when the backend returns anything other than a status 200" timestamp="2016-01-08T22:12:11" hostname="localhost" time="1.419" errors="0" tests="6" skipped="0" disabled="0" failures="0">
  <testcase classname="unhappy-flow_spec" name="should not show any todo" time="0.098"/>
  <testcase classname="unhappy-flow_spec" name="should show the total number of todos" time="0.102"/>
  <testcase classname="unhappy-flow_spec" name="should show the total number of remaining uncompleted todos" time="0.092"/>
  <testcase classname="unhappy-flow_spec" name="should not add a todo" time="0.449"/>
  <testcase classname="unhappy-flow_spec" name="should not archive completed todo" time="0.382"/>
  <testcase classname="unhappy-flow_spec" name="should not mark a todo as completed" time="0.295"/>
</testsuite></testsuites>