<?xml version="1.0"?><testsuites><testsuite name="PhantomJS 2.1.1 (Mac OS X 0.0.0)" package="" timestamp="2016-01-27T21:17:39" id="0" hostname="aurora.local" tests="12" errors="0" failures="1" time="0.14">
  <properties>
    <property name="browser.fullName" value="Mozilla/5.0 (Macintosh; Intel Mac OS X) AppleWebKit/538.1 (KHTML, like Gecko) PhantomJS/2.1.1 Safari/538.1"/>
  </properties>
  <testcase name="should make the todo array available by default when api response is ok" time="0.033" classname="todo_controller_spec">
    <failure type="">ReferenceError: Strict mode forbids implicit creation of global property &apos;controller2&apos; in /Users/mischa/workspace/clean/home/github/angular-test-setup/test/karma/specs/todo.controller.spec.js (line 35)
/Users/mischa/workspace/clean/home/github/angular-test-setup/test/karma/specs/todo.controller.spec.js:34:26</failure>
  </testcase>
  <testcase name="should make an empty todo array available by default when api response is nok" time="0.015" classname="todo_controller_spec"/>
  <testcase name="should get remaining todos" time="0.008" classname="todo_controller_spec"/>
  <testcase name="should add a todo and fetch todos when api response is ok" time="0.009" classname="todo_controller_spec"/>
  <testcase name="should update a todo and fetch todos when api response is ok" time="0.006" classname="todo_controller_spec"/>
  <testcase name="should update a todo and fetch todos when api response is nok" time="0.004" classname="todo_controller_spec"/>
  <testcase name="should archive a todo and fetch todos when api response is ok" time="0.013" classname="todo_controller_spec"/>
  <testcase name="should archive a todo and fetch todos when api response is nok" time="0.005" classname="todo_controller_spec"/>
  <testcase name="should get todos" time="0.022" classname="todo_service_spec"/>
  <testcase name="should add a todo" time="0.009" classname="todo_service_spec"/>
  <testcase name="should update a todo" time="0.006" classname="todo_service_spec"/>
  <testcase name="should archive a todo" time="0.01" classname="todo_service_spec"/>
  <system-out><![CDATA[
    

  ]]></system-out>
  <system-err/>
</testsuite></testsuites>